<?xml version="1.0" encoding="UTF-8"?>
<!-- Generated by org.testng.reporters.JUnitReportReporter -->
<testsuite name="com.testautomation.TestScripts.Demo1" tests="1" time="43.779" ignored="0" failures="0" timestamp="23 Jul 2021 07:14:37 GMT" skipped="0" hostname="M081017" errors="0">
  <testcase name="Test1" time="43.779" classname="com.testautomation.TestScripts.Demo1"/>
</testsuite> <!-- com.testautomation.TestScripts.Demo1 -->
