<?xml version="1.0" encoding="UTF-8"?>
<!-- Generated by org.testng.reporters.JUnitReportReporter -->
<testsuite name="com.testautomation.TestRunner.TestRunner" tests="1" time="27.302" ignored="0" failures="0" timestamp="23 Jul 2021 07:47:46 GMT" skipped="0" hostname="M081017" errors="0">
  <testcase name="feature" time="27.302" classname="com.testautomation.TestRunner.TestRunner"/>
</testsuite> <!-- com.testautomation.TestRunner.TestRunner -->
